2026-04-27T09:02:34+00:00 CRITICAL Uncaught Error: Call to a member function get_id() on string in /opt/lampp/htdocs/newswave/wp-content/themes/wavepress/inc/utils.php:70
Stack trace:
#0 /opt/lampp/htdocs/newswave/wp-content/themes/wavepress/headers/header_2.php(188): wavepress_breadcrumb()
#1 /opt/lampp/htdocs/newswave/wp-content/themes/wavepress/header.php(16): require('/opt/lampp/htdo...')
#2 /opt/lampp/htdocs/newswave/wp-includes/template.php(810): require_once('/opt/lampp/htdo...')
#3 /opt/lampp/htdocs/newswave/wp-includes/template.php(745): load_template('/opt/lampp/htdo...', true, Array)
#4 /opt/lampp/htdocs/newswave/wp-includes/general-template.php(48): locate_template(Array, true, true, Array)
#5 /opt/lampp/htdocs/newswave/wp-content/themes/wavepress/woocommerce.php(7): get_header()
#6 /opt/lampp/htdocs/newswave/wp-includes/template-loader.php(113): include('/opt/lampp/htdo...')
#7 /opt/lampp/htdocs/newswave/wp-blog-header.php(19): require_once('/opt/lampp/htdo...')
#8 /opt/lampp/htdocs/newswave/index.php(17): require('/opt/lampp/htdo...')
#9 {main}
  thrown in /opt/lampp/htdocs/newswave/wp-content/themes/wavepress/inc/utils.php on line 70

2026-04-27T09:03:15+00:00 CRITICAL Uncaught Error: Call to a member function get_id() on string in /opt/lampp/htdocs/newswave/wp-content/themes/wavepress/inc/utils.php:70
Stack trace:
#0 /opt/lampp/htdocs/newswave/wp-content/themes/wavepress/headers/header_2.php(188): wavepress_breadcrumb()
#1 /opt/lampp/htdocs/newswave/wp-content/themes/wavepress/header.php(16): require('/opt/lampp/htdo...')
#2 /opt/lampp/htdocs/newswave/wp-includes/template.php(810): require_once('/opt/lampp/htdo...')
#3 /opt/lampp/htdocs/newswave/wp-includes/template.php(745): load_template('/opt/lampp/htdo...', true, Array)
#4 /opt/lampp/htdocs/newswave/wp-includes/general-template.php(48): locate_template(Array, true, true, Array)
#5 /opt/lampp/htdocs/newswave/wp-content/themes/wavepress/woocommerce.php(7): get_header()
#6 /opt/lampp/htdocs/newswave/wp-includes/template-loader.php(113): include('/opt/lampp/htdo...')
#7 /opt/lampp/htdocs/newswave/wp-blog-header.php(19): require_once('/opt/lampp/htdo...')
#8 /opt/lampp/htdocs/newswave/index.php(17): require('/opt/lampp/htdo...')
#9 {main}
  thrown in /opt/lampp/htdocs/newswave/wp-content/themes/wavepress/inc/utils.php on line 70

2026-04-27T11:51:15+00:00 CRITICAL Uncaught Error: Class "Elementor_Slideshow" not found in /opt/lampp/htdocs/newswave/wp-content/themes/wavepress/widgets/elementor_list_widgets.php:69
Stack trace:
#0 /opt/lampp/htdocs/newswave/wp-includes/class-wp-hook.php(324): register_list_widget(Object(Elementor\Widgets_Manager))
#1 /opt/lampp/htdocs/newswave/wp-includes/class-wp-hook.php(348): WP_Hook->apply_filters(NULL, Array)
#2 /opt/lampp/htdocs/newswave/wp-includes/plugin.php(517): WP_Hook->do_action(Array)
#3 /opt/lampp/htdocs/newswave/wp-content/plugins/elementor/includes/managers/widgets.php(159): do_action('elementor/widge...', Object(Elementor\Widgets_Manager))
#4 /opt/lampp/htdocs/newswave/wp-content/plugins/elementor/includes/managers/widgets.php(358): Elementor\Widgets_Manager->init_widgets()
#5 /opt/lampp/htdocs/newswave/wp-content/plugins/elementor/includes/managers/widgets.php(639): Elementor\Widgets_Manager->get_widget_types()
#6 /opt/lampp/htdocs/newswave/wp-content/plugins/elementor/includes/frontend.php(605): Elementor\Widgets_Manager->register_frontend_handlers()
#7 /opt/lampp/htdocs/newswave/wp-content/plugins/elementor/includes/frontend.php(458): Elementor\Frontend->register_frontend_handlers()
#8 /opt/lampp/htdocs/newswave/wp-includes/class-wp-hook.php(324): Elementor\Frontend->register_scripts('')
#9 /opt/lampp/htdocs/newswave/wp-includes/class-wp-hook.php(348): WP_Hook->apply_filters(NULL, Array)
#10 /opt/lampp/htdocs/newswave/wp-includes/plugin.php(517): WP_Hook->do_action(Array)
#11 /opt/lampp/htdocs/newswave/wp-includes/script-loader.php(2263): do_action('wp_enqueue_scri...')
#12 /opt/lampp/htdocs/newswave/wp-includes/class-wp-hook.php(324): wp_enqueue_scripts('')
#13 /opt/lampp/htdocs/newswave/wp-includes/class-wp-hook.php(348): WP_Hook->apply_filters(NULL, Array)
#14 /opt/lampp/htdocs/newswave/wp-includes/plugin.php(517): WP_Hook->do_action(Array)
#15 /opt/lampp/htdocs/newswave/wp-includes/general-template.php(3065): do_action('wp_head')
#16 /opt/lampp/htdocs/newswave/wp-content/themes/wavepress/headers/header_2.php(22): wp_head()
#17 /opt/lampp/htdocs/newswave/wp-content/themes/wavepress/header.php(16): require('/opt/lampp/htdo...')
#18 /opt/lampp/htdocs/newswave/wp-includes/template.php(810): require_once('/opt/lampp/htdo...')
#19 /opt/lampp/htdocs/newswave/wp-includes/template.php(745): load_template('/opt/lampp/htdo...', true, Array)
#20 /opt/lampp/htdocs/newswave/wp-includes/general-template.php(48): locate_template(Array, true, true, Array)
#21 /opt/lampp/htdocs/newswave/wp-content/plugins/elementor/modules/page-templates/templates/header-footer.php(9): get_header()
#22 /opt/lampp/htdocs/newswave/wp-includes/template-loader.php(113): include('/opt/lampp/htdo...')
#23 /opt/lampp/htdocs/newswave/wp-blog-header.php(19): require_once('/opt/lampp/htdo...')
#24 /opt/lampp/htdocs/newswave/index.php(17): require('/opt/lampp/htdo...')
#25 {main}
  thrown in /opt/lampp/htdocs/newswave/wp-content/themes/wavepress/widgets/elementor_list_widgets.php on line 69

