2026-04-07T06:19:29+00:00 ERROR Error getting data feed
2026-04-07T06:19:29+00:00 ERROR WP_Error Object
(
    [errors] => Array
        (
            [http_request_failed] => Array
                (
                    [0] => cURL error 6: name lookup timed out
                )

        )

    [error_data] => Array
        (
        )

    [additional_data:protected] => Array
        (
        )

)

2026-04-07T06:27:14+00:00 ERROR Error getting data feed
2026-04-07T06:27:14+00:00 ERROR WP_Error Object
(
    [errors] => Array
        (
            [http_request_failed] => Array
                (
                    [0] => cURL error 6: name lookup timed out
                )

        )

    [error_data] => Array
        (
        )

    [additional_data:protected] => Array
        (
        )

)

2026-04-07T06:27:48+00:00 ERROR Error getting data feed
2026-04-07T06:27:48+00:00 ERROR WP_Error Object
(
    [errors] => Array
        (
            [http_request_failed] => Array
                (
                    [0] => cURL error 6: name lookup timed out
                )

        )

    [error_data] => Array
        (
        )

    [additional_data:protected] => Array
        (
        )

)

2026-04-07T18:18:42+00:00 ERROR Error getting data feed
2026-04-07T18:18:42+00:00 ERROR WP_Error Object
(
    [errors] => Array
        (
            [http_request_failed] => Array
                (
                    [0] => cURL error 6: name lookup timed out
                )

        )

    [error_data] => Array
        (
        )

    [additional_data:protected] => Array
        (
        )

)

